"../../../../../../Users/Onur/Desktop/MEDELT/Content/Geometry/Meshes/CubeMaterial.uasset" 0
"../../../../../../Users/Onur/Desktop/MEDELT/Content/Geometry/Meshes/1M_Cube_Chamfer.uasset" 1
"../../../../../../Users/Onur/Desktop/MEDELT/Content/Geometry/Meshes/TemplateFloor.uasset" 2
"../../../Engine/Content/Functions/Engine_MaterialFunctions01/Opacity/CameraDepthFade.uasset" 3
"../../../Engine/Content/EngineMaterials/T_Default_Material_Grid_N.uasset" 4
"../../../Engine/Content/EngineMaterials/T_Default_Material_Grid_M.uasset" 5
"../../../Engine/Content/EngineMaterials/WorldGridMaterial.uasset" 6
"../../../../../../Users/Onur/Desktop/MEDELT/Content/Luos8Elements/StaticMeshes/Light/SM_4E_LightSwirl_01.uasset" 7
"../../../../../../Users/Onur/Desktop/MEDELT/Content/Luos8Elements/StaticMeshes/Light/SM_4E_LightSpike_01.uasset" 8
"../../../../../../Users/Onur/Desktop/MEDELT/Content/Luos8Elements/StaticMeshes/Light/SM_4E_LightRing_01.uasset" 9
"../../../../../../Users/Onur/Desktop/MEDELT/Content/Luos8Elements/Textures/Normals/T_Norm_22_N.uasset" 10
"../../../../../../Users/Onur/Desktop/MEDELT/Content/Luos8Elements/Textures/Light/T_4E_LightSpark_01.uasset" 11
"../../../Engine/Content/Functions/Engine_MaterialFunctions02/Utility/Sine_Remapped.uasset" 12
"../../../../../../Users/Onur/Desktop/MEDELT/Content/Luos8Elements/Mat_Functions/Luos_TimeSine.uasset" 13
"../../../../../../Users/Onur/Desktop/MEDELT/Content/Luos8Elements/Mat_Functions/Lu_RadialGradient.uasset" 14
"../../../../../../Users/Onur/Desktop/MEDELT/Content/Luos8Elements/Mat_Functions/Luos_UV_Distorter.uasset" 15
"../../../../../../Users/Onur/Desktop/MEDELT/Content/Luos8Elements/Textures/Light/T_4E_Light_Rainbow_01.uasset" 16
"../../../Engine/Content/Functions/Engine_MaterialFunctions02/HueShift.uasset" 17
"../../../../../../Users/Onur/Desktop/MEDELT/Content/Luos8Elements/Materials/MPCs/MPC_VFX_ColorCtrl.uasset" 18
"../../../../../../Users/Onur/Desktop/MEDELT/Content/Luos8Elements/Mat_Functions/Luos_VFX_SatHueEmissive.uasset" 19
"../../../../../../Users/Onur/Desktop/MEDELT/Content/Luos8Elements/Materials/Light/M_4e_LightSpark_01.uasset" 20
"../../../../../../Users/Onur/Desktop/MEDELT/Content/Luos8Elements/Materials/Light/MI_4E_LightSpark_01_Star.uasset" 21
"../../../../../../Users/Onur/Desktop/MEDELT/Content/Luos8Elements/Materials/Light/MI_4E_LightSpark_01_Ray.uasset" 22
"../../../../../../Users/Onur/Desktop/MEDELT/Content/Luos8Elements/Materials/Light/MI_4E_LightSpark_01_Dot.uasset" 23
"../../../../../../Users/Onur/Desktop/MEDELT/Content/Luos8Elements/Materials/Light/MI_4E_LightSpark_01_Spark.uasset" 24
"../../../../../../Users/Onur/Desktop/MEDELT/Content/Luos8Elements/Materials/Light/MII_4E_LightSpark_01_Spark_2s.uasset" 25
"../../../../../../Users/Onur/Desktop/MEDELT/Content/Luos8Elements/Materials/Generic/M_4E_Invissi_01.uasset" 26
"../../../../../../Users/Onur/Desktop/MEDELT/Content/Luos8Elements/Particles/Light/Par_4E_Light_Explosion_01.uasset" 27
"../../../../../../Users/Onur/Desktop/MEDELT/Content/Luos8Elements/StaticMeshes/Light/SM_4E_LightSphere_01.uasset" 28
"../../../../../../Users/Onur/Desktop/MEDELT/Content/Luos8Elements/Textures/Gradients/T_LMagic_Clouds_Masks_01.uasset" 29
"../../../../../../Users/Onur/Desktop/MEDELT/Content/Luos8Elements/Materials/Light/M_4e_LightSphere_01.uasset" 30
"../../../../../../Users/Onur/Desktop/MEDELT/Content/Luos8Elements/Particles/Light/Par_4E_LightOrb_01.uasset" 31
"../../../../../../Users/Onur/Desktop/MEDELT/Content/Luos8Elements/Blueprints/Light/BP_4E_Light_Atk.uasset" 32
"../../../../../../Users/Onur/Desktop/MEDELT/Content/Luos8Elements/StaticMeshes/Various/SM_4E_SpiralRay_01.uasset" 33
"../../../../../../Users/Onur/Desktop/MEDELT/Content/Luos8Elements/StaticMeshes/Light/SM_4E_LightRay_01.uasset" 34
"../../../../../../Users/Onur/Desktop/MEDELT/Content/Luos8Elements/StaticMeshes/Light/SM_4E_LightCircle_03.uasset" 35
"../../../../../../Users/Onur/Desktop/MEDELT/Content/Luos8Elements/StaticMeshes/Light/SM_4E_LightCircle_02.uasset" 36
"../../../../../../Users/Onur/Desktop/MEDELT/Content/Luos8Elements/StaticMeshes/Light/SM_4E_LightCircle_01.uasset" 37
"../../../../../../Users/Onur/Desktop/MEDELT/Content/Luos8Elements/StaticMeshes/Light/SM_4E_LightCastRing_01.uasset" 38
"../../../../../../Users/Onur/Desktop/MEDELT/Content/Luos8Elements/Particles/VectorFields/VF_4E_BlackPulse_01.uasset" 39
"../../../../../../Users/Onur/Desktop/MEDELT/Content/Luos8Elements/Textures/Gradients/T_4E_BWB_Gradient_01.uasset" 40
"../../../../../../Users/Onur/Desktop/MEDELT/Content/Luos8Elements/Textures/Light/T_4E_LightSpiral_01.uasset" 41
"../../../../../../Users/Onur/Desktop/MEDELT/Content/Luos8Elements/Materials/Light/M_4E_SpiralLight_01.uasset" 42
"../../../../../../Users/Onur/Desktop/MEDELT/Content/Luos8Elements/Textures/Normals/T_Norm_11_N.uasset" 43
"../../../../../../Users/Onur/Desktop/MEDELT/Content/Luos8Elements/Textures/Light/T_4E_LightCylinder_01.uasset" 44
"../../../../../../Users/Onur/Desktop/MEDELT/Content/Luos8Elements/Textures/Gradients/T_4E_VertGradient_02.uasset" 45
"../../../../../../Users/Onur/Desktop/MEDELT/Content/Luos8Elements/Materials/Light/M_4E_Lightcylinder_01.uasset" 46
"../../../../../../Users/Onur/Desktop/MEDELT/Content/Luos8Elements/Textures/Normals/T_Norm_21_N.uasset" 47
"../../../../../../Users/Onur/Desktop/MEDELT/Content/Luos8Elements/Textures/Gradients/T_4E_VertGradient_01.uasset" 48
"../../../../../../Users/Onur/Desktop/MEDELT/Content/Luos8Elements/Materials/Light/M_4E_LightCircle_01.uasset" 49
"../../../../../../Users/Onur/Desktop/MEDELT/Content/Luos8Elements/Textures/Light/T_4E_LightRing_01.uasset" 50
"../../../../../../Users/Onur/Desktop/MEDELT/Content/Luos8Elements/Mat_Functions/Luos_EasyRotate.uasset" 51
"../../../../../../Users/Onur/Desktop/MEDELT/Content/Luos8Elements/Materials/Light/M_4E_LightCastRing_01.uasset" 52
"../../../../../../Users/Onur/Desktop/MEDELT/Content/Luos8Elements/Particles/Light/Par_4E_LightDef_01.uasset" 53
"../../../../../../Users/Onur/Desktop/MEDELT/Content/Luos8Elements/Blueprints/Light/BP_4E_Light_Def.uasset" 54
"../../../../../../Users/Onur/Desktop/MEDELT/Content/Luos8Elements/StaticMeshes/Various/SM_4E_RegularPlane_01.uasset" 55
"../../../../../../Users/Onur/Desktop/MEDELT/Content/Luos8Elements/StaticMeshes/Various/SM_4E_ImpactFX_01.uasset" 56
"../../../../../../Users/Onur/Desktop/MEDELT/Content/Luos8Elements/StaticMeshes/Lightning/SM_4E_LightningOrb_01.uasset" 57
"../../../../../../Users/Onur/Desktop/MEDELT/Content/Luos8Elements/StaticMeshes/Lightning/SM_4E_LightningBolt_01.uasset" 58
"../../../../../../Users/Onur/Desktop/MEDELT/Content/Luos8Elements/StaticMeshes/Lightning/SM_4E_LightningArcs_01.uasset" 59
"../../../../../../Users/Onur/Desktop/MEDELT/Content/Luos8Elements/Particles/VectorFields/VF_4E_LightningImpact.uasset" 60
"../../../../../../Users/Onur/Desktop/MEDELT/Content/Luos8Elements/Textures/Gradients/T_4E_ThinGradient_01.uasset" 61
"../../../../../../Users/Onur/Desktop/MEDELT/Content/Luos8Elements/Textures/Lightning/T_4E_LightningStrike_01_32x4.uasset" 62
"../../../../../../Users/Onur/Desktop/MEDELT/Content/Luos8Elements/Materials/Lightning/M_4E_Lightning_Panner_01.uasset" 63
"../../../Engine/Content/EngineMaterials/DefaultDiffuse.uasset" 64
"../../../../../../Users/Onur/Desktop/MEDELT/Content/Luos8Elements/Mat_Functions/Luos_RadialUVDistortion.uasset" 65
"../../../../../../Users/Onur/Desktop/MEDELT/Content/Luos8Elements/Textures/Lightning/T_LParticle_Lightning_Masks_01.uasset" 66
"../../../../../../Users/Onur/Desktop/MEDELT/Content/Luos8Elements/Materials/Lightning/M_4E_LightningRing_01.uasset" 67
"../../../../../../Users/Onur/Desktop/MEDELT/Content/Luos8Elements/Textures/Lightning/T_ElemNoiseMask_01.uasset" 68
"../../../../../../Users/Onur/Desktop/MEDELT/Content/Luos8Elements/Mat_Functions/Luos_alphaErosion.uasset" 69
"../../../Engine/Content/Functions/Engine_MaterialFunctions01/Gradient/LinearGradient.uasset" 70
"../../../Engine/Content/EngineMaterials/BlendFunc_DefBlend.uasset" 71
"../../../Engine/Content/EngineMaterials/BlendFunc_DefBase.uasset" 72
"../../../Engine/Content/Functions/Engine_MaterialFunctions03/Blends/Blend_Lighten.uasset" 73
"../../../../../../Users/Onur/Desktop/MEDELT/Content/Luos8Elements/Materials/Lightning/M_4E_LightningForce_01.uasset" 74
"../../../../../../Users/Onur/Desktop/MEDELT/Content/Luos8Elements/Mat_Functions/Luos_Flicker.uasset" 75
"../../../../../../Users/Onur/Desktop/MEDELT/Content/Luos8Elements/Materials/Lightning/M_4E_Lightning_Bolt_01.uasset" 76
"../../../../../../Users/Onur/Desktop/MEDELT/Content/Luos8Elements/Materials/Lightning/MI_4E_Lightning_Bolt_01b.uasset" 77
"../../../../../../Users/Onur/Desktop/MEDELT/Content/Luos8Elements/Textures/Light/T_4E_ImpactSpikes_01.uasset" 78
"../../../../../../Users/Onur/Desktop/MEDELT/Content/Luos8Elements/Materials/Light/M_4E_ImpactFX_01.uasset" 79
"../../../../../../Users/Onur/Desktop/MEDELT/Content/Luos8Elements/Materials/Light/MI_4E_ImpactFX_01a.uasset" 80
"../../../Engine/Content/Functions/Engine_MaterialFunctions01/Gradient/SphereGradient-2D.uasset" 81
"../../../../../../Users/Onur/Desktop/MEDELT/Content/Luos8Elements/Materials/Generic/M_4E_TinyDot_01.uasset" 82
"../../../../../../Users/Onur/Desktop/MEDELT/Content/Luos8Elements/Materials/Generic/Instances/MI_tinyDot_2.uasset" 83
"../../../../../../Users/Onur/Desktop/MEDELT/Content/Luos8Elements/Materials/Generic/Instances/MI_4E_TinyDot_01b.uasset" 84
"../../../../../../Users/Onur/Desktop/MEDELT/Content/Luos8Elements/Particles/Lightning/Par_4E_LightningStrike_01.uasset" 85
"../../../../../../Users/Onur/Desktop/MEDELT/Content/Luos8Elements/StaticMeshes/Lightning/SM_4E_LightningForce_01.uasset" 86
"../../../../../../Users/Onur/Desktop/MEDELT/Content/Luos8Elements/StaticMeshes/Lightning/SM_4E_LightningRing_01.uasset" 87
"../../../../../../Users/Onur/Desktop/MEDELT/Content/Luos8Elements/Materials/Lightning/M_4E_LightningOrb_01.uasset" 88
"../../../Engine/Content/Functions/Engine_MaterialFunctions01/Density/ExponentialDensity.uasset" 89
"../../../Engine/Content/Functions/Engine_MaterialFunctions01/Gradient/RadialGradientExponential.uasset" 90
"../../../../../../Users/Onur/Desktop/MEDELT/Content/Luos8Elements/Materials/Lightning/M_4E_LightningGas_01.uasset" 91
"../../../../../../Users/Onur/Desktop/MEDELT/Content/Luos8Elements/Textures/Lightning/T_GenericLightning_01.uasset" 92
"../../../Engine/Content/Functions/Engine_MaterialFunctions02/Utility/BreakOutFloat2Components.uasset" 93
"../../../Engine/Content/Functions/Engine_MaterialFunctions01/Texturing/ScaleUVsByCenter.uasset" 94
"../../../../../../Users/Onur/Desktop/MEDELT/Content/Luos8Elements/Materials/Lightning/M_GenericLightning_01.uasset" 95
"../../../../../../Users/Onur/Desktop/MEDELT/Content/Luos8Elements/Materials/Lightning/MI_GenericLightning_01a.uasset" 96
"../../../../../../Users/Onur/Desktop/MEDELT/Content/Luos8Elements/Textures/Lightning/T_4E_LightningRing_01_10x10.uasset" 97
"../../../../../../Users/Onur/Desktop/MEDELT/Content/Luos8Elements/Materials/Lightning/MI_4E_Lightning_Bolt_01a.uasset" 98
"../../../Engine/Content/Functions/Engine_MaterialFunctions01/Gradient/DiamondGradient.uasset" 99
"../../../../../../Users/Onur/Desktop/MEDELT/Content/Luos8Elements/Materials/Light/M_4E_Basic_Star_01.uasset" 100
"../../../../../../Users/Onur/Desktop/MEDELT/Content/Luos8Elements/Particles/Lightning/Par_4E_OrbLightning_01.uasset" 101
"../../../../../../Users/Onur/Desktop/MEDELT/Content/Luos8Elements/Blueprints/Lightning/BP_4E_Base_Projectile_Lightning.uasset" 102
"../../../../../../Users/Onur/Desktop/MEDELT/Content/Luos8Elements/StaticMeshes/Lightning/SM_4E_LightningBolt_03.uasset" 103
"../../../../../../Users/Onur/Desktop/MEDELT/Content/Luos8Elements/StaticMeshes/Lightning/SM_4E_LightningArcs_02.uasset" 104
"../../../../../../Users/Onur/Desktop/MEDELT/Content/Luos8Elements/Materials/Lightning/MI_4E_Lightning_Bolt_01_Flicker.uasset" 105
"../../../../../../Users/Onur/Desktop/MEDELT/Content/Luos8Elements/Particles/Lightning/Par_4E_Lightning_Def_01.uasset" 106
"../../../../../../Users/Onur/Desktop/MEDELT/Content/Luos8Elements/Blueprints/Lightning/BP_4E_Lightning_Def.uasset" 107
"../../../../../../Users/Onur/Desktop/MEDELT/Content/Luos8Elements/Textures/Aqua/T_LMagic_Water_01.uasset" 108
"../../../../../../Users/Onur/Desktop/MEDELT/Content/Luos8Elements/Textures/Aqua/T_Lmagic_WaterSplash_01.uasset" 109
"../../../../../../Users/Onur/Desktop/MEDELT/Content/Luos8Elements/Materials/Aqua/M_LMagic_water_ShieldFX.uasset" 110
"../../../../../../Users/Onur/Desktop/MEDELT/Content/Luos8Elements/Materials/Aqua/MI_LMagic_water_ShieldFX_1.uasset" 111
"../../../../../../Users/Onur/Desktop/MEDELT/Content/Luos8Elements/Materials/Generic/M_LMagic_subUVSetup_01.uasset" 112
"../../../../../../Users/Onur/Desktop/MEDELT/Content/Luos8Elements/Materials/Generic/Instances/MI_4E_TinyDot_01a.uasset" 113
"../../../../../../Users/Onur/Desktop/MEDELT/Content/Luos8Elements/Materials/Generic/Instances/MI_tinyDot_BB_02.uasset" 114
"../../../../../../Users/Onur/Desktop/MEDELT/Content/Luos8Elements/Materials/Generic/Instances/MI_tinyDot_Brighter_01.uasset" 115
"../../../../../../Users/Onur/Desktop/MEDELT/Content/Luos8Elements/Materials/Generic/Instances/MI_tinyDot_Floor_01.uasset" 116
"../../../../../../Users/Onur/Desktop/MEDELT/Content/Luos8Elements/Mat_Functions/Luos_Selector_3x.uasset" 117
"../../../../../../Users/Onur/Desktop/MEDELT/Content/Luos8Elements/Mat_Functions/Luos_UVDistortion_Panner.uasset" 118
"../../../../../../Users/Onur/Desktop/MEDELT/Content/Luos8Elements/StaticMeshes/Aqua/SM_LMagic_WaterDropFront_02.uasset" 119
"../../../../../../Users/Onur/Desktop/MEDELT/Content/Luos8Elements/StaticMeshes/Aqua/SM_LMagic_WaterDropFront_01.uasset" 120
"../../../../../../Users/Onur/Desktop/MEDELT/Content/Luos8Elements/StaticMeshes/Aqua/SM_LMagic_WaterDrop_01.uasset" 121
"../../../../../../Users/Onur/Desktop/MEDELT/Content/Luos8Elements/Textures/Aqua/T_Lmagic_WaterMask_01.uasset" 122
"../../../../../../Users/Onur/Desktop/MEDELT/Content/Luos8Elements/Textures/Aqua/T_LMagic_Water_Droplets_01.uasset" 123
"../../../../../../Users/Onur/Desktop/MEDELT/Content/Luos8Elements/Materials/Aqua/M_LMagic_Water_Drops_01.uasset" 124
"../../../../../../Users/Onur/Desktop/MEDELT/Content/Luos8Elements/Materials/Aqua/M_LMagic_Water_Splashes_01.uasset" 125
"../../../../../../Users/Onur/Desktop/MEDELT/Content/Luos8Elements/Mat_Functions/Luos_FeatureQuality.uasset" 126
"../../../../../../Users/Onur/Desktop/MEDELT/Content/Luos8Elements/Textures/Aqua/T_Water_Blobbing_01.uasset" 127
"../../../../../../Users/Onur/Desktop/MEDELT/Content/Luos8Elements/Materials/Aqua/M_LMagic_WaterFresnel_01.uasset" 128
"../../../../../../Users/Onur/Desktop/MEDELT/Content/Luos8Elements/Materials/Aqua/M_LMagic_Water_01.uasset" 129
"../../../../../../Users/Onur/Desktop/MEDELT/Content/Luos8Elements/Particles/Aqua/Par_LMagic_Aqua_Atk_01.uasset" 130
"../../../../../../Users/Onur/Desktop/MEDELT/Content/Luos8Elements/StaticMeshes/Aqua/SM_LMagic_WaveX_01.uasset" 131
"../../../../../../Users/Onur/Desktop/MEDELT/Content/Luos8Elements/StaticMeshes/Aqua/SM_LMagic_Wave3.uasset" 132
"../../../../../../Users/Onur/Desktop/MEDELT/Content/Luos8Elements/StaticMeshes/Aqua/SM_LMagic_WaterSplash_01.uasset" 133
"../../../../../../Users/Onur/Desktop/MEDELT/Content/Luos8Elements/Particles/VectorFields/VF_BlackPulse_01.uasset" 134
"../../../Engine/Content/Functions/Engine_MaterialFunctions02/Math/MultiplyAdd.uasset" 135
"../../../../../../Users/Onur/Desktop/MEDELT/Content/Luos8Elements/Materials/Aqua/M_LMagic_Water_Splash_01.uasset" 136
"../../../../../../Users/Onur/Desktop/MEDELT/Content/Luos8Elements/Textures/Aqua/T_Lmagic_WaterDrops_02_Mask.uasset" 137
"../../../../../../Users/Onur/Desktop/MEDELT/Content/Luos8Elements/Materials/Aqua/M_LMagic_Water_Droplet_01.uasset" 138
"../../../../../../Users/Onur/Desktop/MEDELT/Content/Luos8Elements/Particles/Aqua/Par_LMagic_Aqua_Def_01.uasset" 139
"../../../../../../Users/Onur/Desktop/MEDELT/Content/Luos8Elements/Textures/Aqua/T_Water3_Norm.uasset" 140
"../../../../../../Users/Onur/Desktop/MEDELT/Content/Luos8Elements/Materials/Aqua/MI_LMagic_Water_Splashes_02.uasset" 141
"../../../../../../Users/Onur/Desktop/MEDELT/Content/Luos8Elements/Textures/Aqua/T_Water2_Norm.uasset" 142
"../../../../../../Users/Onur/Desktop/MEDELT/Content/Luos8Elements/Materials/Aqua/MI_LMagic_Water_Splashes_03.uasset" 143
"../../../../../../Users/Onur/Desktop/MEDELT/Content/Luos8Elements/Particles/Aqua/Par_LMagic_Aqua_Explosion_Xaxis.uasset" 144
"../../../../../../Users/Onur/Desktop/MEDELT/Content/Luos8Elements/StaticMeshes/Aqua/SM_LMagic_Wave1.uasset" 145
"../../../../../../Users/Onur/Desktop/MEDELT/Content/Luos8Elements/StaticMeshes/Aqua/SM_LMagic_Wave2.uasset" 146
"../../../../../../Users/Onur/Desktop/MEDELT/Content/Luos8Elements/StaticMeshes/Lightning/SM_4E_LightningBolt_02.uasset" 147
"../../../../../../Users/Onur/Desktop/MEDELT/Content/Luos8Elements/Textures/Aqua/T_Drop1_Norm.uasset" 148
"../../../../../../Users/Onur/Desktop/MEDELT/Content/Luos8Elements/Textures/Aqua/T_Water1_Norm.uasset" 149
"../../../../../../Users/Onur/Desktop/MEDELT/Content/Luos8Elements/Textures/Gradients/T_LMagic_Glow_1.uasset" 150
"../../../../../../Users/Onur/Desktop/MEDELT/Content/Luos8Elements/Textures/Gradients/T_LParticle_Thruster_Masks_01.uasset" 151
"../../../../../../Users/Onur/Desktop/MEDELT/Content/Luos8Elements/Textures/VertAnimTex/EXR_NP_Swirl_Tails_01.uasset" 152
"../../../../../../Users/Onur/Desktop/MEDELT/Content/Luos8Elements/Textures/VertAnimTex/EXR_NP_Swirl_Tails_01_Normals.uasset" 153
"../../../../../../Users/Onur/Desktop/MEDELT/Content/StarterContent/Materials/M_AssetPlatform.uasset" 154
"../../../../../../Users/Onur/Desktop/MEDELT/Content/StarterContent/Materials/M_Brick_Clay_Beveled.uasset" 155
"../../../../../../Users/Onur/Desktop/MEDELT/Content/StarterContent/Materials/M_Brick_Clay_New.uasset" 156
"../../../../../../Users/Onur/Desktop/MEDELT/Content/StarterContent/Materials/M_Brick_Clay_Old.uasset" 157
"../../../../../../Users/Onur/Desktop/MEDELT/Content/StarterContent/Materials/M_Brick_Cut_Stone.uasset" 158
"../../../../../../Users/Onur/Desktop/MEDELT/Content/StarterContent/Materials/M_Brick_Hewn_Stone.uasset" 159
"../../../../../../Users/Onur/Desktop/MEDELT/Content/StarterContent/Materials/M_Ceramic_Tile_Checker.uasset" 160
"../../../../../../Users/Onur/Desktop/MEDELT/Content/StarterContent/Materials/M_CobbleStone_Pebble.uasset" 161
"../../../../../../Users/Onur/Desktop/MEDELT/Content/StarterContent/Materials/M_CobbleStone_Rough.uasset" 162
"../../../../../../Users/Onur/Desktop/MEDELT/Content/StarterContent/Materials/M_CobbleStone_Smooth.uasset" 163
"../../../Engine/Content/EditorMeshes/ColorCalibrator/T_ColorGrid.uasset" 164
"../../../../../../Users/Onur/Desktop/MEDELT/Content/StarterContent/Materials/M_ColorGrid_LowSpec.uasset" 165
"../../../../../../Users/Onur/Desktop/MEDELT/Content/StarterContent/Materials/M_Concrete_Grime.uasset" 166
"../../../../../../Users/Onur/Desktop/MEDELT/Content/StarterContent/Materials/M_Concrete_Panels.uasset" 167
"../../../../../../Users/Onur/Desktop/MEDELT/Content/StarterContent/Materials/M_Concrete_Poured.uasset" 168
"../../../../../../Users/Onur/Desktop/MEDELT/Content/StarterContent/Materials/M_Concrete_Tiles.uasset" 169
"../../../../../../Users/Onur/Desktop/MEDELT/Content/StarterContent/Materials/M_Ground_Grass.uasset" 170
"../../../../../../Users/Onur/Desktop/MEDELT/Content/StarterContent/Materials/M_Ground_Gravel.uasset" 171
"../../../../../../Users/Onur/Desktop/MEDELT/Content/StarterContent/Materials/M_Ground_Moss.uasset" 172
"../../../../../../Users/Onur/Desktop/MEDELT/Content/StarterContent/Materials/M_Metal_Brushed_Nickel.uasset" 173
"../../../../../../Users/Onur/Desktop/MEDELT/Content/StarterContent/Materials/M_Metal_Burnished_Steel.uasset" 174
"../../../../../../Users/Onur/Desktop/MEDELT/Content/StarterContent/Materials/M_Metal_Chrome.uasset" 175
"../../../../../../Users/Onur/Desktop/MEDELT/Content/StarterContent/Materials/M_Metal_Copper.uasset" 176
"../../../../../../Users/Onur/Desktop/MEDELT/Content/StarterContent/Materials/M_Metal_Gold.uasset" 177
"../../../Engine/Content/Functions/Engine_MaterialFunctions02/Utility/BlendAngleCorrectedNormals.uasset" 178
"../../../../../../Users/Onur/Desktop/MEDELT/Content/StarterContent/Materials/M_Metal_Rust.uasset" 179
"../../../../../../Users/Onur/Desktop/MEDELT/Content/StarterContent/Materials/M_Metal_Steel.uasset" 180
"../../../../../../Users/Onur/Desktop/MEDELT/Content/StarterContent/Materials/M_Rock_Basalt.uasset" 181
"../../../../../../Users/Onur/Desktop/MEDELT/Content/StarterContent/Materials/M_Rock_Marble_Polished.uasset" 182
"../../../../../../Users/Onur/Desktop/MEDELT/Content/StarterContent/Materials/M_Rock_Sandstone.uasset" 183
"../../../../../../Users/Onur/Desktop/MEDELT/Content/StarterContent/Materials/M_Rock_Slate.uasset" 184
"../../../../../../Users/Onur/Desktop/MEDELT/Content/StarterContent/Materials/M_Tech_Checker_Dot.uasset" 185
"../../../../../../Users/Onur/Desktop/MEDELT/Content/StarterContent/Materials/M_Tech_Hex_Tile.uasset" 186
"../../../../../../Users/Onur/Desktop/MEDELT/Content/StarterContent/Materials/M_Tech_Hex_Tile_Pulse.uasset" 187
"../../../../../../Users/Onur/Desktop/MEDELT/Content/StarterContent/Materials/M_Tech_Panel.uasset" 188
"../../../../../../Users/Onur/Desktop/MEDELT/Content/StarterContent/Materials/M_Water_Lake.uasset" 189
"../../../../../../Users/Onur/Desktop/MEDELT/Content/StarterContent/Materials/M_Water_Ocean.uasset" 190
"../../../../../../Users/Onur/Desktop/MEDELT/Content/StarterContent/Materials/M_Wood_Floor_Walnut_Polished.uasset" 191
"../../../Engine/Content/Functions/Engine_MaterialFunctions01/Opacity/AlphaOffset.uasset" 192
"../../../../../../Users/Onur/Desktop/MEDELT/Content/StarterContent/Materials/M_Wood_Floor_Walnut_Worn.uasset" 193
"../../../../../../Users/Onur/Desktop/MEDELT/Content/StarterContent/Materials/M_Wood_Oak.uasset" 194
"../../../../../../Users/Onur/Desktop/MEDELT/Content/StarterContent/Materials/M_Wood_Pine.uasset" 195
"../../../../../../Users/Onur/Desktop/MEDELT/Content/StarterContent/Materials/M_Wood_Walnut.uasset" 196
"../../../../../../Users/Onur/Desktop/MEDELT/Content/StarterContent/Props/MaterialSphere.uasset" 197
"../../../../../../Users/Onur/Desktop/MEDELT/Content/StarterContent/Props/Materials/M_Bush.uasset" 198
"../../../../../../Users/Onur/Desktop/MEDELT/Content/StarterContent/Props/SM_Bush.uasset" 199
"../../../../../../Users/Onur/Desktop/MEDELT/Content/StarterContent/Props/Materials/M_Chair.uasset" 200
"../../../../../../Users/Onur/Desktop/MEDELT/Content/StarterContent/Props/SM_Chair.uasset" 201
"../../../../../../Users/Onur/Desktop/MEDELT/Content/StarterContent/Props/Materials/M_Frame.uasset" 202
"../../../../../../Users/Onur/Desktop/MEDELT/Content/StarterContent/Props/SM_CornerFrame.uasset" 203
"../../../../../../Users/Onur/Desktop/MEDELT/Content/StarterContent/Props/SM_Couch.uasset" 204
"../../../../../../Users/Onur/Desktop/MEDELT/Content/StarterContent/Props/Materials/M_Door.uasset" 205
"../../../../../../Users/Onur/Desktop/MEDELT/Content/StarterContent/Materials/M_Glass.uasset" 206
"../../../../../../Users/Onur/Desktop/MEDELT/Content/StarterContent/Props/SM_Door.uasset" 207
"../../../../../../Users/Onur/Desktop/MEDELT/Content/StarterContent/Props/SM_DoorFrame.uasset" 208
"../../../../../../Users/Onur/Desktop/MEDELT/Content/StarterContent/Props/SM_GlassWindow.uasset" 209
"../../../../../../Users/Onur/Desktop/MEDELT/Content/StarterContent/Props/Materials/M_Lamp.uasset" 210
"../../../../../../Users/Onur/Desktop/MEDELT/Content/StarterContent/Props/SM_Lamp_Ceiling.uasset" 211
"../../../../../../Users/Onur/Desktop/MEDELT/Content/StarterContent/Props/SM_Lamp_Wall.uasset" 212
"../../../../../../Users/Onur/Desktop/MEDELT/Content/StarterContent/Props/Materials/M_MaterialSphere_Plain.uasset" 213
"../../../../../../Users/Onur/Desktop/MEDELT/Content/StarterContent/Props/Materials/M_MaterialSphere.uasset" 214
"../../../../../../Users/Onur/Desktop/MEDELT/Content/StarterContent/Props/SM_MatPreviewMesh_02.uasset" 215
"../../../../../../Users/Onur/Desktop/MEDELT/Content/StarterContent/Props/SM_PillarFrame.uasset" 216
"../../../../../../Users/Onur/Desktop/MEDELT/Content/StarterContent/Props/SM_PillarFrame300.uasset" 217
"../../../../../../Users/Onur/Desktop/MEDELT/Content/StarterContent/Props/Materials/M_Rock.uasset" 218
"../../../../../../Users/Onur/Desktop/MEDELT/Content/StarterContent/Props/SM_Rock.uasset" 219
"../../../../../../Users/Onur/Desktop/MEDELT/Content/StarterContent/Props/Materials/M_Shelf.uasset" 220
"../../../../../../Users/Onur/Desktop/MEDELT/Content/StarterContent/Props/SM_Shelf.uasset" 221
"../../../../../../Users/Onur/Desktop/MEDELT/Content/StarterContent/Materials/M_Basic_Wall.uasset" 222
"../../../../../../Users/Onur/Desktop/MEDELT/Content/StarterContent/Materials/M_Basic_Floor.uasset" 223
"../../../../../../Users/Onur/Desktop/MEDELT/Content/StarterContent/Props/SM_Stairs.uasset" 224
"../../../../../../Users/Onur/Desktop/MEDELT/Content/StarterContent/Props/Materials/M_StatueGlass.uasset" 225
"../../../../../../Users/Onur/Desktop/MEDELT/Content/StarterContent/Props/Materials/M_Statue.uasset" 226
"../../../../../../Users/Onur/Desktop/MEDELT/Content/StarterContent/Props/SM_Statue.uasset" 227
"../../../../../../Users/Onur/Desktop/MEDELT/Content/StarterContent/Props/Materials/M_TableRound.uasset" 228
"../../../../../../Users/Onur/Desktop/MEDELT/Content/StarterContent/Props/SM_TableRound.uasset" 229
"../../../../../../Users/Onur/Desktop/MEDELT/Content/StarterContent/Props/SM_WindowFrame.uasset" 230
"../../../../../../Users/Onur/Desktop/MEDELT/Content/StarterContent/Shapes/Shape_Cone.uasset" 231
"../../../../../../Users/Onur/Desktop/MEDELT/Content/StarterContent/Shapes/Shape_Cube.uasset" 232
"../../../../../../Users/Onur/Desktop/MEDELT/Content/StarterContent/Shapes/Shape_Cylinder.uasset" 233
"../../../../../../Users/Onur/Desktop/MEDELT/Content/StarterContent/Shapes/Shape_NarrowCapsule.uasset" 234
"../../../../../../Users/Onur/Desktop/MEDELT/Content/StarterContent/Shapes/Shape_Pipe.uasset" 235
"../../../../../../Users/Onur/Desktop/MEDELT/Content/StarterContent/Shapes/Shape_Pipe_180.uasset" 236
"../../../../../../Users/Onur/Desktop/MEDELT/Content/StarterContent/Shapes/Shape_Pipe_90.uasset" 237
"../../../../../../Users/Onur/Desktop/MEDELT/Content/StarterContent/Shapes/Shape_Plane.uasset" 238
"../../../../../../Users/Onur/Desktop/MEDELT/Content/StarterContent/Shapes/Shape_QuadPyramid.uasset" 239
"../../../../../../Users/Onur/Desktop/MEDELT/Content/StarterContent/Shapes/Shape_Sphere.uasset" 240
"../../../../../../Users/Onur/Desktop/MEDELT/Content/StarterContent/Shapes/Shape_Torus.uasset" 241
"../../../../../../Users/Onur/Desktop/MEDELT/Content/StarterContent/Shapes/Shape_Trim.uasset" 242
"../../../../../../Users/Onur/Desktop/MEDELT/Content/StarterContent/Shapes/Shape_Trim_90_In.uasset" 243
"../../../../../../Users/Onur/Desktop/MEDELT/Content/StarterContent/Shapes/Shape_Trim_90_Out.uasset" 244
"../../../../../../Users/Onur/Desktop/MEDELT/Content/StarterContent/Shapes/Shape_TriPyramid.uasset" 245
"../../../../../../Users/Onur/Desktop/MEDELT/Content/StarterContent/Shapes/Shape_Tube.uasset" 246
"../../../../../../Users/Onur/Desktop/MEDELT/Content/StarterContent/Shapes/Shape_Wedge_A.uasset" 247
"../../../../../../Users/Onur/Desktop/MEDELT/Content/StarterContent/Shapes/Shape_Wedge_B.uasset" 248
"../../../../../../Users/Onur/Desktop/MEDELT/Content/StarterContent/Shapes/Shape_WideCapsule.uasset" 249
"../../../../../../Users/Onur/Desktop/MEDELT/Content/StarterContent/Textures/T_Explosion_SubUV.uasset" 250
"../../../../../../Users/Onur/Desktop/MEDELT/Content/Tower/catapult/lambert2.uasset" 251
"../../../../../../Users/Onur/Desktop/MEDELT/Content/Tower/catapult/v3_Mermi3.uasset" 252
"../../../../../../Users/Onur/Desktop/MEDELT/Content/Data/S_DAta.uasset" 253
"../../../../../../Users/Onur/Desktop/MEDELT/Content/Resim/zoo.uasset" 254
"../../../../../../Users/Onur/Desktop/MEDELT/Content/Resim/toy_shop.uasset" 255
"../../../../../../Users/Onur/Desktop/MEDELT/Content/Resim/theatre.uasset" 256
"../../../../../../Users/Onur/Desktop/MEDELT/Content/Resim/stadium.uasset" 257
"../../../../../../Users/Onur/Desktop/MEDELT/Content/Resim/police.uasset" 258
"../../../../../../Users/Onur/Desktop/MEDELT/Content/Resim/pharmacy.uasset" 259
"../../../../../../Users/Onur/Desktop/MEDELT/Content/Resim/library.uasset" 260
"../../../../../../Users/Onur/Desktop/MEDELT/Content/Resim/hospital.uasset" 261
"../../../../../../Users/Onur/Desktop/MEDELT/Content/Resim/grocery.uasset" 262
"../../../../../../Users/Onur/Desktop/MEDELT/Content/Resim/cinema.uasset" 263
"../../../../../../Users/Onur/Desktop/MEDELT/Content/Resim/butcher.uasset" 264
"../../../../../../Users/Onur/Desktop/MEDELT/Content/Resim/bank.uasset" 265
"../../../../../../Users/Onur/Desktop/MEDELT/Content/Resim/bakery.uasset" 266
"../../../../../../Users/Onur/Desktop/MEDELT/Content/Resim/amusement.uasset" 267
"../../../../../../Users/Onur/Desktop/MEDELT/Content/Resim/airport.uasset" 268
"../../../../../../Users/Onur/Desktop/MEDELT/Content/Data/DATATable.uasset" 269
"../../../Engine/Content/EditorBlueprintResources/StandardMacros.uasset" 270
"../../../../../../Users/Onur/Desktop/MEDELT/Content/UI/UI_Paused.uasset" 271
"../../../../../../Users/Onur/Desktop/MEDELT/Content/UI/UI_SkorTablo.uasset" 272
"../../../../../../Users/Onur/Desktop/MEDELT/Content/UI/UI_Win.uasset" 273
"../../../../../../Users/Onur/Desktop/MEDELT/Content/UI/UI_ManuelSlot.uasset" 274
"../../../../../../Users/Onur/Desktop/MEDELT/Content/UI/UI_Manuel.uasset" 275
"../../../../../../Users/Onur/Desktop/MEDELT/Content/UI/UI_Menu.uasset" 276
"../../../../../../Users/Onur/Desktop/MEDELT/Content/General/BP_PlayerControllerBase.uasset" 277
"../../../../../../Users/Onur/Desktop/MEDELT/Content/UI/2DTexture_UI.uasset" 278
"../../../../../../Users/Onur/Desktop/MEDELT/Content/Luos8Elements/Materials/Generic/Instances/MI_tinyDot_01_Black.uasset" 279
"../../../../../../Users/Onur/Desktop/MEDELT/Content/Geometry/Meshes/1M_Cube.uasset" 280
"../../../../../../Users/Onur/Desktop/MEDELT/Content/Unit/BoxBaloon.uasset" 281
"../../../../../../Users/Onur/Desktop/MEDELT/Content/General/BP_GameModeBase.uasset" 282
"../../../../../../Users/Onur/Desktop/MEDELT/Content/Unit/BP_Kelime.uasset" 283
"../../../../../../Users/Onur/Desktop/MEDELT/Content/Unit/ProjectileCTest.uasset" 284
"../../../../../../Users/Onur/Desktop/MEDELT/Content/Tower/EnesTowerOcclusion.uasset" 285
"../../../../../../Users/Onur/Desktop/MEDELT/Content/Tower/EnesTowerNormalColor.uasset" 286
"../../../../../../Users/Onur/Desktop/MEDELT/Content/Tower/EnesTowerBaseColor.uasset" 287
"../../../../../../Users/Onur/Desktop/MEDELT/Content/Tower/EnesTowerMaterial.uasset" 288
"../../../../../../Users/Onur/Desktop/MEDELT/Content/Tower/EnesTower.uasset" 289
"../../../../../../Users/Onur/Desktop/MEDELT/Content/Unit/TurretCTest.uasset" 290
"../../../Engine/Content/ArtTools/RenderToTexture/Meshes/S_1_Unit_Plane.uasset" 291
"../../../Engine/Content/EngineMaterials/DefaultMaterial.uasset" 292
"../../../Engine/Content/BasicShapes/Cone.uasset" 293
"../../../Engine/Content/BasicShapes/Plane.uasset" 294
"../../../Engine/Content/BasicShapes/Sphere.uasset" 295
"../../../Engine/Content/EditorLandscapeResources/DataLayer.uasset" 296
"../../../Engine/Content/EditorLandscapeResources/DefaultAlphaTexture.uasset" 297
"../../../Engine/Content/EditorMaterials/MAT_Groups_Toggle.uasset" 298
"../../../Engine/Content/EditorMaterials/MAT_Groups_Visibility.uasset" 299
"../../../Engine/Content/EditorMaterials/PreviewShadowIndicator.uasset" 300
"../../../Engine/Content/EditorMaterials/PreviewShadowIndicatorMaterial.uasset" 301
"../../../Engine/Content/EditorMaterials/MatineeGroups/MAT_ColorTrack.uasset" 302
"../../../Engine/Content/EditorMaterials/MatineeGroups/MAT_Groups_Anim.uasset" 303
"../../../Engine/Content/EditorMaterials/MatineeGroups/MAT_Groups_AudioMaster.uasset" 304
"../../../Engine/Content/EditorMaterials/MatineeGroups/MAT_Groups_Director.uasset" 305
"../../../Engine/Content/EditorMaterials/MatineeGroups/MAT_Groups_Event.uasset" 306
"../../../Engine/Content/EditorMaterials/MatineeGroups/MAT_Groups_Fade.uasset" 307
"../../../Engine/Content/EditorMaterials/MatineeGroups/MAT_Groups_Float.uasset" 308
"../../../Engine/Content/EditorMaterials/MatineeGroups/MAT_Groups_Move.uasset" 309
"../../../Engine/Content/EditorMaterials/MatineeGroups/MAT_Groups_Slomo.uasset" 310
"../../../Engine/Content/EditorMaterials/MatineeGroups/MAT_Groups_Sound.uasset" 311
"../../../Engine/Content/EditorMaterials/MatineeGroups/MAT_Groups_Vector.uasset" 312
"../../../Engine/Content/EditorMaterials/ParticleSystems/PSysThumbnail_NoImage.uasset" 313
"../../../Engine/Content/EditorMaterials/ParticleSystems/PSysThumbnail_OOD.uasset" 314
"../../../Engine/Content/EditorMaterials/Camera/CineMat.uasset" 315
"../../../Engine/Content/EditorMaterials/Camera/MI_CineMat_Rig.uasset" 316
"../../../Engine/Content/EditorMeshes/Camera/SM_CraneRig_Arm.uasset" 317
"../../../Engine/Content/EditorMeshes/Camera/SM_CraneRig_Base.uasset" 318
"../../../Engine/Content/EditorMeshes/Camera/SM_CraneRig_Body.uasset" 319
"../../../Engine/Content/EditorMeshes/Camera/SM_CraneRig_Mount.uasset" 320
"../../../Engine/Content/EditorMeshes/Camera/SM_RailRig_Mount.uasset" 321
"../../../Engine/Content/EditorMeshes/Camera/SM_RailRig_Track.uasset" 322
"../../../Engine/Content/EditorResources/BSPVertex.uasset" 323
"../../../Engine/Content/EditorResources/EmptyActor.uasset" 324
"../../../Engine/Content/EditorResources/S_Actor.uasset" 325
"../../../Engine/Content/EditorResources/S_Note.uasset" 326
"../../../Engine/Content/EditorResources/S_Solver.uasset" 327
"../../../Engine/Content/EditorResources/S_Terrain.uasset" 328
"../../../Engine/Content/EditorResources/S_Trigger.uasset" 329
"../../../Engine/Content/EditorResources/LightIcons/S_LightError.uasset" 330
"../../../Engine/Content/EditorResources/SequenceRecorder/Countdown.uasset" 331
"../../../Engine/Content/EditorResources/SequenceRecorder/RecordingIndicator.uasset" 332
"../../../Engine/Content/EngineDamageTypes/DmgTypeBP_Environmental.uasset" 333
"../../../Engine/Content/EngineDebugMaterials/DebugEditorMaterial.uasset" 334
"../../../Engine/Content/EngineDebugMaterials/DebugMeshMaterial.uasset" 335
"../../../Engine/Content/EngineDebugMaterials/M_SimpleUnlitTranslucent.uasset" 336
"../../../Engine/Content/EngineDebugMaterials/VolumeToRender.uasset" 337
"../../../Engine/Content/Functions/Engine_MaterialFunctions02/Utility/CameraDirectionVector.uasset" 338
"../../../Engine/Content/EngineDebugMaterials/M_VolumeRenderSphereTracePP.uasset" 339
"../../../Engine/Content/Functions/Engine_MaterialFunctions01/Shading/ConvertFromDiffSpec.uasset" 340
"../../../Engine/Content/EngineDebugMaterials/VertexColorMaterial.uasset" 341
"../../../Engine/Content/EngineDebugMaterials/WireframeMaterial.uasset" 342
"../../../Engine/Content/EngineFonts/Faces/RobotoRegular.uasset" 343
"../../../Engine/Content/EngineFonts/Faces/RobotoLight.uasset" 344
"../../../Engine/Content/EngineFonts/Faces/RobotoItalic.uasset" 345
"../../../Engine/Content/EngineFonts/Faces/RobotoBoldItalic.uasset" 346
"../../../Engine/Content/EngineFonts/Faces/RobotoBold.uasset" 347
"../../../Engine/Content/EngineFonts/Faces/DroidSansFallback.uasset" 348
"../../../Engine/Content/EngineFonts/Roboto.uasset" 349
"../../../Engine/Content/EngineMaterials/BaseFlattenNormalMap.uasset" 350
"../../../Engine/Content/EngineMaterials/BaseFlattenGrayscaleMap.uasset" 351
"../../../Engine/Content/EngineMaterials/BaseFlattenEmissiveMap.uasset" 352
"../../../Engine/Content/EngineMaterials/BaseFlattenDiffuseMap.uasset" 353
"../../../Engine/Content/EngineMaterials/BaseFlattenMaterial.uasset" 354
"../../../Engine/Content/EngineMaterials/BlueNoise.uasset" 355
"../../../Engine/Content/EngineMaterials/DefaultBloomKernel.uasset" 356
"../../../Engine/Content/EngineMaterials/DefaultBokeh.uasset" 357
"../../../Engine/Content/EngineMaterials/DefaultDeferredDecalMaterial.uasset" 358
"../../../Engine/Content/EngineMaterials/DefaultLightFunctionMaterial.uasset" 359
"../../../Engine/Content/EngineMaterials/DefaultPhysicalMaterial.uasset" 360
"../../../Engine/Content/EngineMaterials/DefaultPostProcessMaterial.uasset" 361
"../../../Engine/Content/EngineFonts/RobotoDistanceField.uasset" 362
"../../../Engine/Content/EngineMaterials/DefaultTextMaterialOpaque.uasset" 363
"../../../Engine/Content/EngineMaterials/DefaultWhiteGrid.uasset" 364
"../../../Engine/Content/EngineMaterials/DefaultWhiteGrid_Low.uasset" 365
"../../../Engine/Content/EngineMaterials/EmissiveMeshMaterial.uasset" 366
"../../../Engine/Content/EngineMaterials/GizmoMaterial.uasset" 367
"../../../Engine/Content/EngineMaterials/Good64x64TilingNoiseHighFreq.uasset" 368
"../../../Engine/Content/EngineMaterials/MiniFont.uasset" 369
"../../../Engine/Content/EngineMaterials/InvalidLightmapSettings.uasset" 370
"../../../Engine/Content/EngineMaterials/M_InvalidLightmapSettings.uasset" 371
"../../../Engine/Content/Functions/Engine_MaterialFunctions02/WorldPositionOffset/CameraOffset.uasset" 372
"../../../Engine/Content/EngineMaterials/PhAT_JointLimitMaterial.uasset" 373
"../../../Engine/Content/EngineMaterials/PreintegratedSkinBRDF.uasset" 374
"../../../Engine/Content/EngineMaterials/RemoveSurfaceMaterial.uasset" 375
"../../../Engine/Content/EngineMaterials/WeightMapPlaceholderTexture.uasset" 376
"../../../Engine/Content/EngineResources/WhiteSquareTexture.uasset" 377
"../../../Engine/Content/EngineMaterials/Widget3DPassThrough.uasset" 378
"../../../Engine/Content/EngineMaterials/Widget3DPassThrough_Masked.uasset" 379
"../../../Engine/Content/EngineMaterials/Widget3DPassThrough_Opaque.uasset" 380
"../../../Engine/Content/EngineMaterials/Widget3DPassThrough_Masked_OneSided.uasset" 381
"../../../Engine/Content/EngineMaterials/Widget3DPassThrough_Opaque_OneSided.uasset" 382
"../../../Engine/Content/EngineMaterials/Widget3DPassThrough_Translucent.uasset" 383
"../../../Engine/Content/EngineMaterials/Widget3DPassThrough_Translucent_OneSided.uasset" 384
"../../../Engine/Content/EngineMeshes/Cylinder.uasset" 385
"../../../Engine/Content/EngineMeshes/Sphere.uasset" 386
"../../../Engine/Content/EngineResources/Black.uasset" 387
"../../../Engine/Content/EngineResources/DefaultTextureCube.uasset" 388
"../../../Engine/Content/EngineResources/DefaultVolumeTexture2D.uasset" 389
"../../../Engine/Content/EngineResources/DefaultVolumeTexture.uasset" 390
"../../../Engine/Content/EngineResources/GradientTexture0.uasset" 391
"../../../Engine/Content/EngineSky/VolumetricClouds/T_NoiseShape64.uasset" 392
"../../../Engine/Content/EngineSky/VolumetricClouds/T_VolumeNoiseShape64.uasset" 393
"../../../Engine/Content/EngineSky/VolumetricClouds/T_NoiseErosion.uasset" 394
"../../../Engine/Content/EngineSky/VolumetricClouds/T_VolumeNoiseErosion32.uasset" 395
"../../../Engine/Content/EngineSky/VolumetricClouds/CloudWeatherTexture.uasset" 396
"../../../Engine/Content/EngineSky/VolumetricClouds/CloudGradientTexture.uasset" 397
"../../../Engine/Content/Functions/Engine_MaterialFunctions02/Utility/MakeFloat2.uasset" 398
"../../../Engine/Content/EngineSky/VolumetricClouds/m_SimpleVolumetricCloud.uasset" 399
"../../../Engine/Content/EngineSky/VolumetricClouds/m_SimpleVolumetricCloud_Inst.uasset" 400
"../../../Engine/Content/EngineSounds/Master.uasset" 401
"../../../Engine/Content/Functions/Engine_MaterialFunctions01/Shading/PowerToRoughness.uasset" 402
"../../../Engine/Content/Maps/Templates/Thumbnails/Default.uasset" 403
"../../../Engine/Content/Maps/Templates/Thumbnails/TimeOfDay.uasset" 404
"../../../Engine/Content/Maps/Templates/Thumbnails/VR-Basic.uasset" 405
"../../../Engine/Content/MobileResources/T_MobileControls_texture.uasset" 406
"../../../Engine/Content/MobileResources/T_MobileMenu2.uasset" 407
"../../../Engine/Content/MobileResources/HUD/AnalogHat.uasset" 408
"../../../Engine/Content/MobileResources/HUD/VirtualJoystick_Thumb.uasset" 409
"../../../Engine/Content/MobileResources/HUD/VirtualJoystick_Background.uasset" 410
"../../../Engine/Content/MobileResources/HUD/DefaultVirtualJoysticks.uasset" 411
"../../../Engine/Content/MobileResources/HUD/LeftVirtualJoystickOnly.uasset" 412
"../../../Engine/Content/MobileResources/HUD/MobileHUDButton1_off.uasset" 413
"../../../Engine/Content/MobileResources/HUD/MobileHUDButton1_on.uasset" 414
"../../../Engine/Content/MobileResources/HUD/MobileHUDButton2_off.uasset" 415
"../../../Engine/Content/MobileResources/HUD/MobileHUDButton2_on.uasset" 416
"../../../Engine/Content/MobileResources/HUD/MobileHUDButton3.uasset" 417
"../../../Engine/Content/MobileResources/HUD/MobileHUDButtonFire.uasset" 418
"../../../Engine/Content/MobileResources/HUD/MobileHUDDirectionPad.uasset" 419
"../../../Engine/Content/MobileResources/HUD/MobileHUDDirectionPad2.uasset" 420
"../../../Engine/Content/MobileResources/HUD/MobileHUDDirectionPad3.uasset" 421
"../../../Engine/Content/MobileResources/HUD/MobileHUDDirectionStick.uasset" 422
"../../../Engine/Content/MobileResources/HUD/T_Castle_ThumbstickInner.uasset" 423
"../../../Engine/Content/MobileResources/HUD/T_Castle_ThumbstickOutter.uasset" 424
"../../../Engine/Content/Tutorial/ContentIntroCurve.uasset" 425
"../../../Engine/Content/Tutorial/Basics/LevelEditorAttract.uasset" 426
"../../../Engine/Content/VREditor/TransformGizmo/TranslucentTransformGizmoMaterial.uasset" 427
"../../../Engine/Content/VREditor/LaserPointer/VR_LaserPower_01.uasset" 428
"../../../Engine/Content/VREditor/TransformGizmo/TransformGizmoMaterial.uasset" 429
"../../../Engine/Content/VREditor/TransformGizmo/BoundingBoxCorner.uasset" 430
"../../../Engine/Content/VREditor/TransformGizmo/BoundingBoxEdge.uasset" 431
"../../../Engine/Content/VREditor/TransformGizmo/PlaneTranslationHandle.uasset" 432
"../../../Engine/Content/VREditor/TransformGizmo/Xray.uasset" 433
"../../../Engine/Content/VREditor/TransformGizmo/Main.uasset" 434
"../../../Engine/Content/VREditor/TransformGizmo/SM_Sequencer_Key.uasset" 435
"../../../Engine/Content/VREditor/TransformGizmo/SM_Sequencer_Node.uasset" 436
"../../Plugins/2D/Paper2D/Content/PlaceholderTextures/DummySpriteTexture.uasset" 437
"../../Plugins/2D/Paper2D/Content/DummySprite.uasset" 438
"../../Plugins/2D/Paper2D/Content/DefaultPaperTerrainMaterial.uasset" 439
"../../Plugins/2D/Paper2D/Content/DefaultSpriteMaterial.uasset" 440
"../../Plugins/2D/Paper2D/Content/MaskedUnlitSpriteMaterial.uasset" 441
"../../Plugins/2D/Paper2D/Content/OpaqueUnlitSpriteMaterial.uasset" 442
"../../../Engine/Content/EngineResources/DefaultTexture.uasset" 443
"../../../Engine/Content/Functions/Engine_MaterialFunctions02/Utility/BreakOutFloat3Components.uasset" 444
"../../../Engine/Content/Functions/Engine_MaterialFunctions02/ObjectLocalBounds.uasset" 445
"../../Plugins/Editor/SpeedTreeImporter/Content/SpeedTree9/UnpackInteger3.uasset" 446
"../../Plugins/Editor/SpeedTreeImporter/Content/SpeedTree9/UnpackDirection.uasset" 447
"../../Plugins/Editor/SpeedTreeImporter/Content/SpeedTree9/game_wind_noise.uasset" 448
"../../../Engine/Content/Functions/Engine_MaterialFunctions02/SafeNormalize.uasset" 449
"../../Plugins/Editor/SpeedTreeImporter/Content/SpeedTree9/SpeedTreeWindMotion.uasset" 450
"../../Plugins/Editor/SpeedTreeImporter/Content/SpeedTree9/SpeedTreeBranchMotion.uasset" 451
"../../../Engine/Content/Functions/Engine_MaterialFunctions02/UVs/BoundingBoxBased_0-1_UVW.uasset" 452
"../../Plugins/Editor/SpeedTreeImporter/Content/SpeedTree9/SpeedTreeWind.uasset" 453
"../../Plugins/Editor/SpeedTreeImporter/Content/SpeedTree9/SpeedTreeBillboard.uasset" 454
"../../Plugins/Editor/SpeedTreeImporter/Content/SpeedTree9/SpeedTreeBillboardMaster.uasset" 455
"../../Plugins/Editor/SpeedTreeImporter/Content/SpeedTree9/SpeedTreeCameraFacing.uasset" 456
"../../Plugins/Editor/SpeedTreeImporter/Content/SpeedTree9/SpeedTreeMaster.uasset" 457
"../../../Engine/Content/BasicShapes/Cylinder.uasset" 458
"../../../Engine/Content/ArtTools/RenderToTexture/Materials/Debug/M_Emissive_Color.uasset" 459
"../../Plugins/Lumin/MagicLeapPassableWorld/Content/MagicLeapARPinInfoActor.uasset" 460
"../../../Engine/Content/Functions/Engine_MaterialFunctions02/Utility/BreakOutFloat4Components.uasset" 461
"../../../Engine/Content/Functions/Engine_MaterialFunctions02/Utility/MakeFloat3.uasset" 462
"../../Plugins/Runtime/Oculus/OculusVR/Content/Materials/OculusMR_ChromaKey.uasset" 463
"../../Plugins/Runtime/Oculus/OculusVR/Content/Materials/OculusMR_OpaqueColoredMaterial.uasset" 464
"../../Plugins/Runtime/Oculus/OculusVR/Content/Materials/PokeAHoleMaterial.uasset" 465
"../../../../../../Users/Onur/Desktop/MEDELT/Content/Tower/catapult/v3_Top3.uasset" 466
"../../../../../../Users/Onur/Desktop/MEDELT/Content/Tower/catapult/v3_Ayak3.uasset" 467
"../../../../../../Users/Onur/Desktop/MEDELT/Content/Unit/BP_LastTurret.uasset" 468
"../../../Engine/Content/EngineSky/T_Sky_Blue.uasset" 469
"../../../Engine/Content/EngineSky/T_Sky_Clouds_M.uasset" 470
"../../../Engine/Content/EngineSky/T_Sky_Stars.uasset" 471
"../../../Engine/Content/EngineSky/M_Sky_Panning_Clouds2.uasset" 472
"../../../Engine/Content/EngineSky/SM_SkySphere.uasset" 473
"../../../Engine/Content/EngineSky/C_Sky_Zenith_Color.uasset" 474
"../../../Engine/Content/EngineSky/C_Sky_Horizon_Color.uasset" 475
"../../../Engine/Content/EngineSky/C_Sky_Cloud_Color.uasset" 476
"../../../Engine/Content/EngineSky/BP_Sky_Sphere.uasset" 477
"../../../../../../Users/Onur/Desktop/MEDELT/Content/UI/UI_Lose.uasset" 478
"../../../../../../Users/Onur/Desktop/MEDELT/Content/Luos8Elements/Particles/Aqua/Par_LMagic_Aqua_Explosion.uasset" 479
"../../../../../../Users/Onur/Desktop/MEDELT/Content/Unit/Zemin.uasset" 480
"../../../../../../Users/Onur/Desktop/MEDELT/Content/General/TestMap_BuiltData.uasset" 481
"../../../Engine/Content/BasicShapes/BasicShapeMaterial.uasset" 482
"../../../Engine/Content/BasicShapes/Cube.uasset" 483
"../../../../../../Users/Onur/Desktop/MEDELT/Content/General/TestMap.umap" 484
"../../../../../../Users/Onur/Desktop/MEDELT/Content/General/Bos.umap" 485
"../../../Engine/Content/Maps/Entry_BuiltData.uasset" 486
"../../../Engine/Content/Maps/Entry.umap" 487
